Determining if the pthread_create exist failed with the following output:
Change Dir: /home/naoyamada/CW/catkin_ws3/build/CMakeFiles/CMakeTmp

Run Build Command:"/usr/bin/make" "cmTC_e5900/fast"
/usr/bin/make -f CMakeFiles/cmTC_e5900.dir/build.make CMakeFiles/cmTC_e5900.dir/build
make[1]: Entering directory '/home/naoyamada/CW/catkin_ws3/build/CMakeFiles/CMakeTmp'
Building C object CMakeFiles/cmTC_e5900.dir/CheckSymbolExists.c.o
/usr/bin/cc     -o CMakeFiles/cmTC_e5900.dir/CheckSymbolExists.c.o   -c /home/naoyamada/CW/catkin_ws3/build/CMakeFiles/CMakeTmp/CheckSymbolExists.c
Linking C executable cmTC_e5900
/usr/bin/cmake -E cmake_link_script CMakeFiles/cmTC_e5900.dir/link.txt --verbose=1
/usr/bin/cc       CMakeFiles/cmTC_e5900.dir/CheckSymbolExists.c.o  -o cmTC_e5900 -rdynamic 
CMakeFiles/cmTC_e5900.dir/CheckSymbolExists.c.o: In function `main':
CheckSymbolExists.c:(.text+0x16): undefined reference to `pthread_create'
collect2: error: ld returned 1 exit status
CMakeFiles/cmTC_e5900.dir/build.make:97: recipe for target 'cmTC_e5900' failed
make[1]: *** [cmTC_e5900] Error 1
make[1]: Leaving directory '/home/naoyamada/CW/catkin_ws3/build/CMakeFiles/CMakeTmp'
Makefile:126: recipe for target 'cmTC_e5900/fast' failed
make: *** [cmTC_e5900/fast] Error 2

File /home/naoyamada/CW/catkin_ws3/build/CMakeFiles/CMakeTmp/CheckSymbolExists.c:
/* */
#include <pthread.h>

int main(int argc, char** argv)
{
  (void)argv;
#ifndef pthread_create
  return ((int*)(&pthread_create))[argc];
#else
  (void)argc;
  return 0;
#endif
}

Determining if the function pthread_create exists in the pthreads failed with the following output:
Change Dir: /home/naoyamada/CW/catkin_ws3/build/CMakeFiles/CMakeTmp

Run Build Command:"/usr/bin/make" "cmTC_3b12d/fast"
/usr/bin/make -f CMakeFiles/cmTC_3b12d.dir/build.make CMakeFiles/cmTC_3b12d.dir/build
make[1]: Entering directory '/home/naoyamada/CW/catkin_ws3/build/CMakeFiles/CMakeTmp'
Building C object CMakeFiles/cmTC_3b12d.dir/CheckFunctionExists.c.o
/usr/bin/cc    -DCHECK_FUNCTION_EXISTS=pthread_create   -o CMakeFiles/cmTC_3b12d.dir/CheckFunctionExists.c.o   -c /usr/share/cmake-3.5/Modules/CheckFunctionExists.c
Linking C executable cmTC_3b12d
/usr/bin/cmake -E cmake_link_script CMakeFiles/cmTC_3b12d.dir/link.txt --verbose=1
/usr/bin/cc   -DCHECK_FUNCTION_EXISTS=pthread_create    CMakeFiles/cmTC_3b12d.dir/CheckFunctionExists.c.o  -o cmTC_3b12d -rdynamic -lpthreads 
/usr/bin/ld: cannot find -lpthreads
collect2: error: ld returned 1 exit status
CMakeFiles/cmTC_3b12d.dir/build.make:97: recipe for target 'cmTC_3b12d' failed
make[1]: *** [cmTC_3b12d] Error 1
make[1]: Leaving directory '/home/naoyamada/CW/catkin_ws3/build/CMakeFiles/CMakeTmp'
Makefile:126: recipe for target 'cmTC_3b12d/fast' failed
make: *** [cmTC_3b12d/fast] Error 2


